
-------------------------------------------------------------------------------
   ROBOCOPY   ::   Copie de fichiers robuste pour Windows     
-------------------------------------------------------------------------------

  DÇbutˇ: jeudi 1 janvier 2026 20:58:43
   Source : C:\Users\PC\Documents\site-pedagogique-python\
     Dest : C:\Users\PC\Documents\python-ekm-training\

    Fichiers : *.*
	    
Fich. exclus : .env
	    *.log
	    
RÇp. exclus : .git
	    node_modules
	    dist
	    .astro
	    .vscode
	    .idea
	    
  Options : *.* /NDL /NFL /TEE /S /E /DCOPY:DA /COPY:DAT /NP /XJ /R:2 /W:2 

-------------------------------------------------------------------------------


-------------------------------------------------------------------------------

               Total     CopiÇ    IgnorÇDiscordance     êCHEC    Extras
     RÇpˇ:        21        16         5         0         0         0
Fichiersˇ:        53        53         0         0         0         2
  Octetsˇ:   559.0 k   559.0 k         0         0         0     1.1 k
   Heures:   0:00:00   0:00:00                       0:00:00   0:00:00


   DÇbitˇ:             4178693 Octets/sec.
   DÇbitˇ:             239.106 MÇga-octets/min.
   Finˇ: jeudi 1 janvier 2026 20:58:43

